<?xml version="1.0" encoding="UTF-8"?>
<testng-results ignored="0" total="1" passed="1" failed="0" skipped="0">
  <reporter-output>
  </reporter-output>
  <suite started-at="2025-04-09T12:44:02 IST" name="Default suite" finished-at="2025-04-09T12:44:17 IST" duration-ms="15169">
    <groups>
      <group name="cucumber">
        <method signature="AbstractTestNGCucumberTests.runScenario(io.cucumber.testng.PickleWrapper,io.cucumber.testng.FeatureWrapper)[pri:0, instance:com.naukri.tests.TestRunner@1165b38]" name="runScenario" class="io.cucumber.testng.AbstractTestNGCucumberTests"/>
      </group> <!-- cucumber -->
    </groups>
    <test started-at="2025-04-09T12:44:02 IST" name="Default test" finished-at="2025-04-09T12:44:17 IST" duration-ms="15169">
      <class name="com.naukri.tests.TestRunner">
        <test-method is-config="true" signature="setUpClass(org.testng.ITestContext)[pri:0, instance:com.naukri.tests.TestRunner@1165b38]" started-at="2025-04-09T12:44:02 IST" name="setUpClass" finished-at="2025-04-09T12:44:03 IST" duration-ms="770" status="PASS">
          <params>
            <param index="0">
              <value>
                <![CDATA[org.testng.TestRunner@1b15f922]]>
              </value>
            </param>
          </params>
          <reporter-output>
          </reporter-output>
        </test-method> <!-- setUpClass -->
        <test-method signature="runScenario(io.cucumber.testng.PickleWrapper,io.cucumber.testng.FeatureWrapper)[pri:0, instance:com.naukri.tests.TestRunner@1165b38]" started-at="2025-04-09T12:44:03 IST" name="runScenario" description="Runs Cucumber Scenarios" data-provider="scenarios" finished-at="2025-04-09T12:44:17 IST" duration-ms="14304" status="PASS">
          <params>
            <param index="0">
              <value>
                <![CDATA["User logs in, updates resume, and logs out"]]>
              </value>
            </param>
            <param index="1">
              <value>
                <![CDATA["Optional[Naukri Resume Update]"]]>
              </value>
            </param>
          </params>
          <reporter-output>
          </reporter-output>
        </test-method> <!-- runScenario -->
        <test-method is-config="true" signature="tearDownClass()[pri:0, instance:com.naukri.tests.TestRunner@1165b38]" started-at="2025-04-09T12:44:17 IST" name="tearDownClass" finished-at="2025-04-09T12:44:17 IST" duration-ms="57" status="PASS">
          <reporter-output>
          </reporter-output>
        </test-method> <!-- tearDownClass -->
      </class> <!-- com.naukri.tests.TestRunner -->
    </test> <!-- Default test -->
  </suite> <!-- Default suite -->
</testng-results>
