<?xml version="1.0" encoding="UTF-8"?>
<testng-results ignored="0" total="1" passed="1" failed="0" skipped="0">
  <reporter-output>
  </reporter-output>
  <suite started-at="2025-07-10T10:20:00 IST" name="Default suite" finished-at="2025-07-10T10:20:18 IST" duration-ms="18098">
    <groups>
      <group name="cucumber">
        <method signature="AbstractTestNGCucumberTests.runScenario(io.cucumber.testng.PickleWrapper,io.cucumber.testng.FeatureWrapper)[pri:0, instance:com.naukri.tests.TestRunner@1165b38]" name="runScenario" class="io.cucumber.testng.AbstractTestNGCucumberTests"/>
      </group> <!-- cucumber -->
    </groups>
    <test started-at="2025-07-10T10:20:00 IST" name="Default test" finished-at="2025-07-10T10:20:18 IST" duration-ms="18098">
      <class name="com.naukri.tests.TestRunner">
        <test-method is-config="true" signature="setUpClass(org.testng.ITestContext)[pri:0, instance:com.naukri.tests.TestRunner@1165b38]" started-at="2025-07-10T10:20:00 IST" name="setUpClass" finished-at="2025-07-10T10:20:00 IST" duration-ms="540" status="PASS">
          <params>
            <param index="0">
              <value>
                <![CDATA[org.testng.TestRunner@64920dc2]]>
              </value>
            </param>
          </params>
          <reporter-output>
          </reporter-output>
        </test-method> <!-- setUpClass -->
        <test-method signature="runScenario(io.cucumber.testng.PickleWrapper,io.cucumber.testng.FeatureWrapper)[pri:0, instance:com.naukri.tests.TestRunner@1165b38]" started-at="2025-07-10T10:20:00 IST" name="runScenario" description="Runs Cucumber Scenarios" data-provider="scenarios" finished-at="2025-07-10T10:20:18 IST" duration-ms="17470" status="PASS">
          <params>
            <param index="0">
              <value>
                <![CDATA["User logs in, updates resume, and logs out"]]>
              </value>
            </param>
            <param index="1">
              <value>
                <![CDATA["Optional[Naukri Resume Update]"]]>
              </value>
            </param>
          </params>
          <reporter-output>
          </reporter-output>
        </test-method> <!-- runScenario -->
        <test-method is-config="true" signature="tearDownClass()[pri:0, instance:com.naukri.tests.TestRunner@1165b38]" started-at="2025-07-10T10:20:18 IST" name="tearDownClass" finished-at="2025-07-10T10:20:18 IST" duration-ms="54" status="PASS">
          <reporter-output>
          </reporter-output>
        </test-method> <!-- tearDownClass -->
      </class> <!-- com.naukri.tests.TestRunner -->
    </test> <!-- Default test -->
  </suite> <!-- Default suite -->
</testng-results>
